0 info it worked if it ends with ok
1 verbose cli [ '/Users/limeng/.nvm/versions/node/v6.14.3/bin/node',
1 verbose cli   '/Users/limeng/.nvm/versions/node/v6.14.3/bin/npm',
1 verbose cli   'start' ]
2 info using npm@3.10.10
3 info using node@v6.14.3
4 verbose run-script [ 'prestart', 'start', 'poststart' ]
5 info lifecycle kaikeba@0.0.0~prestart: kaikeba@0.0.0
6 silly lifecycle kaikeba@0.0.0~prestart: no script for prestart, continuing
7 info lifecycle kaikeba@0.0.0~start: kaikeba@0.0.0
8 verbose lifecycle kaikeba@0.0.0~start: unsafe-perm in lifecycle true
9 verbose lifecycle kaikeba@0.0.0~start: PATH: /Users/limeng/.nvm/versions/node/v6.14.3/lib/node_modules/npm/bin/node-gyp-bin:/Users/limeng/Documents/GitHub/1811/1102/node_modules/.bin:/usr/local/bin:/usr/bin:/bin:/usr/sbin:/sbin:/Users/limeng/.nvm/versions/node/v6.14.3/bin
10 verbose lifecycle kaikeba@0.0.0~start: CWD: /Users/limeng/Documents/GitHub/1811/1102
11 silly lifecycle kaikeba@0.0.0~start: Args: [ '-c', 'node-dev ./bin/www' ]
12 info lifecycle kaikeba@0.0.0~start: Failed to exec start script
13 verbose stack Error: kaikeba@0.0.0 start: `node-dev ./bin/www`
13 verbose stack spawn ENOENT
13 verbose stack     at ChildProcess.<anonymous> (/Users/limeng/.nvm/versions/node/v6.14.3/lib/node_modules/npm/lib/utils/spawn.js:33:16)
13 verbose stack     at emitTwo (events.js:106:13)
13 verbose stack     at ChildProcess.emit (events.js:191:7)
13 verbose stack     at maybeClose (internal/child_process.js:920:16)
13 verbose stack     at Process.ChildProcess._handle.onexit (internal/child_process.js:230:5)
14 verbose pkgid kaikeba@0.0.0
15 verbose cwd /Users/limeng/Documents/GitHub/1811/1102
16 error Darwin 18.0.0
17 error argv "/Users/limeng/.nvm/versions/node/v6.14.3/bin/node" "/Users/limeng/.nvm/versions/node/v6.14.3/bin/npm" "start"
18 error node v6.14.3
19 error npm  v3.10.10
20 error file sh
21 error code ELIFECYCLE
22 error errno ENOENT
23 error syscall spawn
24 error kaikeba@0.0.0 start: `node-dev ./bin/www`
24 error spawn ENOENT
25 error Failed at the kaikeba@0.0.0 start script 'node-dev ./bin/www'.
25 error Make sure you have the latest version of node.js and npm installed.
25 error If you do, this is most likely a problem with the kaikeba package,
25 error not with npm itself.
25 error Tell the author that this fails on your system:
25 error     node-dev ./bin/www
25 error You can get information on how to open an issue for this project with:
25 error     npm bugs kaikeba
25 error Or if that isn't available, you can get their info via:
25 error     npm owner ls kaikeba
25 error There is likely additional logging output above.
26 verbose exit [ 1, true ]
